{"meta": {"format": 3, "version": "7.14.1", "timestamp": "2026-06-20T18:04:10.179783", "branch_coverage": false, "show_contexts": false}, "files": {"core\\__init__.py": {"executed_lines": [], "summary": {"covered_lines": 0, "num_statements": 0, "percent_covered": 100.0, "percent_covered_display": "100", "missing_lines": 0, "excluded_lines": 0, "percent_statements_covered": 100.0, "percent_statements_covered_display": "100"}, "missing_lines": [], "excluded_lines": [], "functions": {"": {"executed_lines": [], "summary": {"covered_lines": 0, "num_statements": 0, "percent_covered": 100.0, "percent_covered_display": "100", "missing_lines": 0, "excluded_lines": 0, "percent_statements_covered": 100.0, "percent_statements_covered_display": "100"}, "missing_lines": [], "excluded_lines": [], "start_line": 1}}, "classes": {"": {"executed_lines": [], "summary": {"covered_lines": 0, "num_statements": 0, "percent_covered": 100.0, "percent_covered_display": "100", "missing_lines": 0, "excluded_lines": 0, "percent_statements_covered": 100.0, "percent_statements_covered_display": "100"}, "missing_lines": [], "excluded_lines": [], "start_line": 1}}}, "core\\config.py": {"executed_lines": [6, 8, 11, 14, 15, 22, 23, 26, 29, 30, 31, 34, 35, 36, 37, 38, 39, 42, 45, 46, 47, 50], "summary": {"covered_lines": 22, "num_statements": 22, "percent_covered": 100.0, "percent_covered_display": "100", "missing_lines": 0, "excluded_lines": 0, "percent_statements_covered": 100.0, "percent_statements_covered_display": "100"}, "missing_lines": [], "excluded_lines": [], "functions": {"Settings.CORS_ORIGINS": {"executed_lines": [47], "summary": {"covered_lines": 1, "num_statements": 1, "percent_covered": 100.0, "percent_covered_display": "100", "missing_lines": 0, "excluded_lines": 0, "percent_statements_covered": 100.0, "percent_statements_covered_display": "100"}, "missing_lines": [], "excluded_lines": [], "start_line": 46}, "": {"executed_lines": [6, 8, 11, 14, 15, 22, 23, 26, 29, 30, 31, 34, 35, 36, 37, 38, 39, 42, 45, 46, 50], "summary": {"covered_lines": 21, "num_statements": 21, "percent_covered": 100.0, "percent_covered_display": "100", "missing_lines": 0, "excluded_lines": 0, "percent_statements_covered": 100.0, "percent_statements_covered_display": "100"}, "missing_lines": [], "excluded_lines": [], "start_line": 1}}, "classes": {"Settings": {"executed_lines": [47], "summary": {"covered_lines": 1, "num_statements": 1, "percent_covered": 100.0, "percent_covered_display": "100", "missing_lines": 0, "excluded_lines": 0, "percent_statements_covered": 100.0, "percent_statements_covered_display": "100"}, "missing_lines": [], "excluded_lines": [], "start_line": 14}, "": {"executed_lines": [6, 8, 11, 14, 15, 22, 23, 26, 29, 30, 31, 34, 35, 36, 37, 38, 39, 42, 45, 46, 50], "summary": {"covered_lines": 21, "num_statements": 21, "percent_covered": 100.0, "percent_covered_display": "100", "missing_lines": 0, "excluded_lines": 0, "percent_statements_covered": 100.0, "percent_statements_covered_display": "100"}, "missing_lines": [], "excluded_lines": [], "start_line": 1}}}, "core\\database.py": {"executed_lines": [6, 7, 9, 12, 14, 21, 28, 29, 32, 43, 45, 46, 47, 49], "summary": {"covered_lines": 14, "num_statements": 21, "percent_covered": 66.66666666666667, "percent_covered_display": "67", "missing_lines": 7, "excluded_lines": 0, "percent_statements_covered": 66.66666666666667, "percent_statements_covered_display": "67"}, "missing_lines": [34, 35, 36, 37, 38, 39, 40], "excluded_lines": [], "functions": {"init_db": {"executed_lines": [], "summary": {"covered_lines": 0, "num_statements": 7, "percent_covered": 0.0, "percent_covered_display": "0", "missing_lines": 7, "excluded_lines": 0, "percent_statements_covered": 0.0, "percent_statements_covered_display": "0"}, "missing_lines": [34, 35, 36, 37, 38, 39, 40], "excluded_lines": [], "start_line": 32}, "get_db": {"executed_lines": [45, 46, 47, 49], "summary": {"covered_lines": 4, "num_statements": 4, "percent_covered": 100.0, "percent_covered_display": "100", "missing_lines": 0, "excluded_lines": 0, "percent_statements_covered": 100.0, "percent_statements_covered_display": "100"}, "missing_lines": [], "excluded_lines": [], "start_line": 43}, "": {"executed_lines": [6, 7, 9, 12, 14, 21, 28, 29, 32, 43], "summary": {"covered_lines": 10, "num_statements": 10, "percent_covered": 100.0, "percent_covered_display": "100", "missing_lines": 0, "excluded_lines": 0, "percent_statements_covered": 100.0, "percent_statements_covered_display": "100"}, "missing_lines": [], "excluded_lines": [], "start_line": 1}}, "classes": {"Base": {"executed_lines": [], "summary": {"covered_lines": 0, "num_statements": 0, "percent_covered": 100.0, "percent_covered_display": "100", "missing_lines": 0, "excluded_lines": 0, "percent_statements_covered": 100.0, "percent_statements_covered_display": "100"}, "missing_lines": [], "excluded_lines": [], "start_line": 28}, "": {"executed_lines": [6, 7, 9, 12, 14, 21, 28, 29, 32, 43, 45, 46, 47, 49], "summary": {"covered_lines": 14, "num_statements": 21, "percent_covered": 66.66666666666667, "percent_covered_display": "67", "missing_lines": 7, "excluded_lines": 0, "percent_statements_covered": 66.66666666666667, "percent_statements_covered_display": "67"}, "missing_lines": [34, 35, 36, 37, 38, 39, 40], "excluded_lines": [], "start_line": 1}}}, "core\\firebase.py": {"executed_lines": [6, 7, 8, 9, 10, 11, 13, 14, 16, 19, 20, 31, 34, 42, 43, 45, 74, 82, 83], "summary": {"covered_lines": 19, "num_statements": 31, "percent_covered": 61.29032258064516, "percent_covered_display": "61", "missing_lines": 12, "excluded_lines": 0, "percent_statements_covered": 61.29032258064516, "percent_statements_covered_display": "61"}, "missing_lines": [21, 28, 54, 55, 56, 57, 58, 62, 63, 67, 68, 84], "excluded_lines": [], "functions": {"verify_firebase_token": {"executed_lines": [42, 43, 45], "summary": {"covered_lines": 3, "num_statements": 12, "percent_covered": 25.0, "percent_covered_display": "25", "missing_lines": 9, "excluded_lines": 0, "percent_statements_covered": 25.0, "percent_statements_covered_display": "25"}, "missing_lines": [54, 55, 56, 57, 58, 62, 63, 67, 68], "excluded_lines": [], "start_line": 34}, "get_current_user": {"executed_lines": [82, 83], "summary": {"covered_lines": 2, "num_statements": 3, "percent_covered": 66.66666666666667, "percent_covered_display": "67", "missing_lines": 1, "excluded_lines": 0, "percent_statements_covered": 66.66666666666667, "percent_statements_covered_display": "67"}, "missing_lines": [84], "excluded_lines": [], "start_line": 74}, "": {"executed_lines": [6, 7, 8, 9, 10, 11, 13, 14, 16, 19, 20, 31, 34, 74], "summary": {"covered_lines": 14, "num_statements": 16, "percent_covered": 87.5, "percent_covered_display": "88", "missing_lines": 2, "excluded_lines": 0, "percent_statements_covered": 87.5, "percent_statements_covered_display": "88"}, "missing_lines": [21, 28], "excluded_lines": [], "start_line": 1}}, "classes": {"": {"executed_lines": [6, 7, 8, 9, 10, 11, 13, 14, 16, 19, 20, 31, 34, 42, 43, 45, 74, 82, 83], "summary": {"covered_lines": 19, "num_statements": 31, "percent_covered": 61.29032258064516, "percent_covered_display": "61", "missing_lines": 12, "excluded_lines": 0, "percent_statements_covered": 61.29032258064516, "percent_statements_covered_display": "61"}, "missing_lines": [21, 28, 54, 55, 56, 57, 58, 62, 63, 67, 68, 84], "excluded_lines": [], "start_line": 1}}}, "models\\__init__.py": {"executed_lines": [], "summary": {"covered_lines": 0, "num_statements": 0, "percent_covered": 100.0, "percent_covered_display": "100", "missing_lines": 0, "excluded_lines": 0, "percent_statements_covered": 100.0, "percent_statements_covered_display": "100"}, "missing_lines": [], "excluded_lines": [], "functions": {"": {"executed_lines": [], "summary": {"covered_lines": 0, "num_statements": 0, "percent_covered": 100.0, "percent_covered_display": "100", "missing_lines": 0, "excluded_lines": 0, "percent_statements_covered": 100.0, "percent_statements_covered_display": "100"}, "missing_lines": [], "excluded_lines": [], "start_line": 1}}, "classes": {"": {"executed_lines": [], "summary": {"covered_lines": 0, "num_statements": 0, "percent_covered": 100.0, "percent_covered_display": "100", "missing_lines": 0, "excluded_lines": 0, "percent_statements_covered": 100.0, "percent_statements_covered_display": "100"}, "missing_lines": [], "excluded_lines": [], "start_line": 1}}}, "models\\db_models.py": {"executed_lines": [6, 7, 9, 20, 21, 23, 27, 28, 29, 30, 33, 34, 35, 36, 39, 40, 41, 42, 45, 46, 47, 48, 49, 50, 53, 54, 55, 56, 59, 60, 61, 66, 67, 69, 70, 71, 72, 77, 78, 79, 80, 81, 82, 83, 84, 85, 86, 87, 90, 91, 92, 93, 94, 97, 98, 100, 101, 102, 103, 104, 105, 106, 107, 108, 109, 111, 116, 117, 119, 120, 121, 122, 123, 124, 125, 126, 127, 128, 131, 134, 135, 137, 138, 139, 140, 141, 142, 143, 144, 145, 148, 151, 152, 154, 155, 156, 157, 158, 159, 160, 161, 162, 163, 164, 167, 169, 174, 175, 177, 178, 179, 180, 181, 186, 187, 188, 189, 190, 193, 196, 197, 199, 200, 201, 202, 207, 208, 209, 210, 213, 214, 216, 221, 222, 224, 225, 226, 230, 234, 235, 236, 237, 238, 239, 240, 243], "summary": {"covered_lines": 146, "num_statements": 146, "percent_covered": 100.0, "percent_covered_display": "100", "missing_lines": 0, "excluded_lines": 0, "percent_statements_covered": 100.0, "percent_statements_covered_display": "100"}, "missing_lines": [], "excluded_lines": [], "functions": {"": {"executed_lines": [6, 7, 9, 20, 21, 23, 27, 28, 29, 30, 33, 34, 35, 36, 39, 40, 41, 42, 45, 46, 47, 48, 49, 50, 53, 54, 55, 56, 59, 60, 61, 66, 67, 69, 70, 71, 72, 77, 78, 79, 80, 81, 82, 83, 84, 85, 86, 87, 90, 91, 92, 93, 94, 97, 98, 100, 101, 102, 103, 104, 105, 106, 107, 108, 109, 111, 116, 117, 119, 120, 121, 122, 123, 124, 125, 126, 127, 128, 131, 134, 135, 137, 138, 139, 140, 141, 142, 143, 144, 145, 148, 151, 152, 154, 155, 156, 157, 158, 159, 160, 161, 162, 163, 164, 167, 169, 174, 175, 177, 178, 179, 180, 181, 186, 187, 188, 189, 190, 193, 196, 197, 199, 200, 201, 202, 207, 208, 209, 210, 213, 214, 216, 221, 222, 224, 225, 226, 230, 234, 235, 236, 237, 238, 239, 240, 243], "summary": {"covered_lines": 146, "num_statements": 146, "percent_covered": 100.0, "percent_covered_display": "100", "missing_lines": 0, "excluded_lines": 0, "percent_statements_covered": 100.0, "percent_statements_covered_display": "100"}, "missing_lines": [], "excluded_lines": [], "start_line": 1}}, "classes": {"AuthProviderType": {"executed_lines": [], "summary": {"covered_lines": 0, "num_statements": 0, "percent_covered": 100.0, "percent_covered_display": "100", "missing_lines": 0, "excluded_lines": 0, "percent_statements_covered": 100.0, "percent_statements_covered_display": "100"}, "missing_lines": [], "excluded_lines": [], "start_line": 27}, "ChallengeStatus": {"executed_lines": [], "summary": {"covered_lines": 0, "num_statements": 0, "percent_covered": 100.0, "percent_covered_display": "100", "missing_lines": 0, "excluded_lines": 0, "percent_statements_covered": 100.0, "percent_statements_covered_display": "100"}, "missing_lines": [], "excluded_lines": [], "start_line": 33}, "ChallengeDifficulty": {"executed_lines": [], "summary": {"covered_lines": 0, "num_statements": 0, "percent_covered": 100.0, "percent_covered_display": "100", "missing_lines": 0, "excluded_lines": 0, "percent_statements_covered": 100.0, "percent_statements_covered_display": "100"}, "missing_lines": [], "excluded_lines": [], "start_line": 39}, "NotificationType": {"executed_lines": [], "summary": {"covered_lines": 0, "num_statements": 0, "percent_covered": 100.0, "percent_covered_display": "100", "missing_lines": 0, "excluded_lines": 0, "percent_statements_covered": 100.0, "percent_statements_covered_display": "100"}, "missing_lines": [], "excluded_lines": [], "start_line": 45}, "NotificationChannel": {"executed_lines": [], "summary": {"covered_lines": 0, "num_statements": 0, "percent_covered": 100.0, "percent_covered_display": "100", "missing_lines": 0, "excluded_lines": 0, "percent_statements_covered": 100.0, "percent_statements_covered_display": "100"}, "missing_lines": [], "excluded_lines": [], "start_line": 53}, "OrgRole": {"executed_lines": [], "summary": {"covered_lines": 0, "num_statements": 0, "percent_covered": 100.0, "percent_covered_display": "100", "missing_lines": 0, "excluded_lines": 0, "percent_statements_covered": 100.0, "percent_statements_covered_display": "100"}, "missing_lines": [], "excluded_lines": [], "start_line": 59}, "User": {"executed_lines": [], "summary": {"covered_lines": 0, "num_statements": 0, "percent_covered": 100.0, "percent_covered_display": "100", "missing_lines": 0, "excluded_lines": 0, "percent_statements_covered": 100.0, "percent_statements_covered_display": "100"}, "missing_lines": [], "excluded_lines": [], "start_line": 66}, "EmissionFactor": {"executed_lines": [], "summary": {"covered_lines": 0, "num_statements": 0, "percent_covered": 100.0, "percent_covered_display": "100", "missing_lines": 0, "excluded_lines": 0, "percent_statements_covered": 100.0, "percent_statements_covered_display": "100"}, "missing_lines": [], "excluded_lines": [], "start_line": 97}, "Baseline": {"executed_lines": [], "summary": {"covered_lines": 0, "num_statements": 0, "percent_covered": 100.0, "percent_covered_display": "100", "missing_lines": 0, "excluded_lines": 0, "percent_statements_covered": 100.0, "percent_statements_covered_display": "100"}, "missing_lines": [], "excluded_lines": [], "start_line": 116}, "UserGoal": {"executed_lines": [], "summary": {"covered_lines": 0, "num_statements": 0, "percent_covered": 100.0, "percent_covered_display": "100", "missing_lines": 0, "excluded_lines": 0, "percent_statements_covered": 100.0, "percent_statements_covered_display": "100"}, "missing_lines": [], "excluded_lines": [], "start_line": 134}, "DailyLog": {"executed_lines": [], "summary": {"covered_lines": 0, "num_statements": 0, "percent_covered": 100.0, "percent_covered_display": "100", "missing_lines": 0, "excluded_lines": 0, "percent_statements_covered": 100.0, "percent_statements_covered_display": "100"}, "missing_lines": [], "excluded_lines": [], "start_line": 151}, "EcoChallenge": {"executed_lines": [], "summary": {"covered_lines": 0, "num_statements": 0, "percent_covered": 100.0, "percent_covered_display": "100", "missing_lines": 0, "excluded_lines": 0, "percent_statements_covered": 100.0, "percent_statements_covered_display": "100"}, "missing_lines": [], "excluded_lines": [], "start_line": 174}, "UserChallenge": {"executed_lines": [], "summary": {"covered_lines": 0, "num_statements": 0, "percent_covered": 100.0, "percent_covered_display": "100", "missing_lines": 0, "excluded_lines": 0, "percent_statements_covered": 100.0, "percent_statements_covered_display": "100"}, "missing_lines": [], "excluded_lines": [], "start_line": 196}, "Notification": {"executed_lines": [], "summary": {"covered_lines": 0, "num_statements": 0, "percent_covered": 100.0, "percent_covered_display": "100", "missing_lines": 0, "excluded_lines": 0, "percent_statements_covered": 100.0, "percent_statements_covered_display": "100"}, "missing_lines": [], "excluded_lines": [], "start_line": 221}, "": {"executed_lines": [6, 7, 9, 20, 21, 23, 27, 28, 29, 30, 33, 34, 35, 36, 39, 40, 41, 42, 45, 46, 47, 48, 49, 50, 53, 54, 55, 56, 59, 60, 61, 66, 67, 69, 70, 71, 72, 77, 78, 79, 80, 81, 82, 83, 84, 85, 86, 87, 90, 91, 92, 93, 94, 97, 98, 100, 101, 102, 103, 104, 105, 106, 107, 108, 109, 111, 116, 117, 119, 120, 121, 122, 123, 124, 125, 126, 127, 128, 131, 134, 135, 137, 138, 139, 140, 141, 142, 143, 144, 145, 148, 151, 152, 154, 155, 156, 157, 158, 159, 160, 161, 162, 163, 164, 167, 169, 174, 175, 177, 178, 179, 180, 181, 186, 187, 188, 189, 190, 193, 196, 197, 199, 200, 201, 202, 207, 208, 209, 210, 213, 214, 216, 221, 222, 224, 225, 226, 230, 234, 235, 236, 237, 238, 239, 240, 243], "summary": {"covered_lines": 146, "num_statements": 146, "percent_covered": 100.0, "percent_covered_display": "100", "missing_lines": 0, "excluded_lines": 0, "percent_statements_covered": 100.0, "percent_statements_covered_display": "100"}, "missing_lines": [], "excluded_lines": [], "start_line": 1}}}, "models\\schemas.py": {"executed_lines": [6, 7, 8, 10, 12, 21, 22, 27, 28, 29, 30, 31, 32, 33, 36, 37, 38, 39, 40, 41, 46, 48, 49, 50, 53, 54, 55, 58, 61, 62, 65, 66, 69, 70, 71, 72, 73, 74, 75, 76, 77, 78, 79, 84, 85, 86, 87, 90, 91, 92, 93, 94, 95, 96, 97, 98, 99, 104, 105, 106, 107, 108, 109, 112, 113, 114, 115, 116, 117, 118, 119, 120, 121, 122, 123, 125, 126, 127, 128, 129, 146, 147, 148, 149, 150, 155, 156, 157, 158, 159, 160, 161, 162, 163, 164, 165, 168, 169, 170, 171, 172, 173, 174, 175, 176, 177, 182, 183, 186, 187, 188, 189, 190, 191, 192, 193, 194, 195, 196, 197, 199, 200, 201, 202, 203], "summary": {"covered_lines": 125, "num_statements": 127, "percent_covered": 98.4251968503937, "percent_covered_display": "98", "missing_lines": 2, "excluded_lines": 0, "percent_statements_covered": 98.4251968503937, "percent_statements_covered_display": "98"}, "missing_lines": [142, 216], "excluded_lines": [], "functions": {"LogResponse.from_orm_custom": {"executed_lines": [128, 129], "summary": {"covered_lines": 2, "num_statements": 3, "percent_covered": 66.66666666666667, "percent_covered_display": "67", "missing_lines": 1, "excluded_lines": 0, "percent_statements_covered": 66.66666666666667, "percent_statements_covered_display": "67"}, "missing_lines": [142], "excluded_lines": [], "start_line": 127}, "NotificationResponse.from_orm_custom": {"executed_lines": [202, 203], "summary": {"covered_lines": 2, "num_statements": 3, "percent_covered": 66.66666666666667, "percent_covered_display": "67", "missing_lines": 1, "excluded_lines": 0, "percent_statements_covered": 66.66666666666667, "percent_statements_covered_display": "67"}, "missing_lines": [216], "excluded_lines": [], "start_line": 201}, "": {"executed_lines": [6, 7, 8, 10, 12, 21, 22, 27, 28, 29, 30, 31, 32, 33, 36, 37, 38, 39, 40, 41, 46, 48, 49, 50, 53, 54, 55, 58, 61, 62, 65, 66, 69, 70, 71, 72, 73, 74, 75, 76, 77, 78, 79, 84, 85, 86, 87, 90, 91, 92, 93, 94, 95, 96, 97, 98, 99, 104, 105, 106, 107, 108, 109, 112, 113, 114, 115, 116, 117, 118, 119, 120, 121, 122, 123, 125, 126, 127, 146, 147, 148, 149, 150, 155, 156, 157, 158, 159, 160, 161, 162, 163, 164, 165, 168, 169, 170, 171, 172, 173, 174, 175, 176, 177, 182, 183, 186, 187, 188, 189, 190, 191, 192, 193, 194, 195, 196, 197, 199, 200, 201], "summary": {"covered_lines": 121, "num_statements": 121, "percent_covered": 100.0, "percent_covered_display": "100", "missing_lines": 0, "excluded_lines": 0, "percent_statements_covered": 100.0, "percent_statements_covered_display": "100"}, "missing_lines": [], "excluded_lines": [], "start_line": 1}}, "classes": {"OurBaseModel": {"executed_lines": [], "summary": {"covered_lines": 0, "num_statements": 0, "percent_covered": 100.0, "percent_covered_display": "100", "missing_lines": 0, "excluded_lines": 0, "percent_statements_covered": 100.0, "percent_statements_covered_display": "100"}, "missing_lines": [], "excluded_lines": [], "start_line": 21}, "UserBase": {"executed_lines": [], "summary": {"covered_lines": 0, "num_statements": 0, "percent_covered": 100.0, "percent_covered_display": "100", "missing_lines": 0, "excluded_lines": 0, "percent_statements_covered": 100.0, "percent_statements_covered_display": "100"}, "missing_lines": [], "excluded_lines": [], "start_line": 27}, "UserResponse": {"executed_lines": [], "summary": {"covered_lines": 0, "num_statements": 0, "percent_covered": 100.0, "percent_covered_display": "100", "missing_lines": 0, "excluded_lines": 0, "percent_statements_covered": 100.0, "percent_statements_covered_display": "100"}, "missing_lines": [], "excluded_lines": [], "start_line": 36}, "QuizResponses": {"executed_lines": [], "summary": {"covered_lines": 0, "num_statements": 0, "percent_covered": 100.0, "percent_covered_display": "100", "missing_lines": 0, "excluded_lines": 0, "percent_statements_covered": 100.0, "percent_statements_covered_display": "100"}, "missing_lines": [], "excluded_lines": [], "start_line": 46}, "BaselineCreate": {"executed_lines": [], "summary": {"covered_lines": 0, "num_statements": 0, "percent_covered": 100.0, "percent_covered_display": "100", "missing_lines": 0, "excluded_lines": 0, "percent_statements_covered": 100.0, "percent_statements_covered_display": "100"}, "missing_lines": [], "excluded_lines": [], "start_line": 65}, "BaselineResponse": {"executed_lines": [], "summary": {"covered_lines": 0, "num_statements": 0, "percent_covered": 100.0, "percent_covered_display": "100", "missing_lines": 0, "excluded_lines": 0, "percent_statements_covered": 100.0, "percent_statements_covered_display": "100"}, "missing_lines": [], "excluded_lines": [], "start_line": 69}, "GoalCreate": {"executed_lines": [], "summary": {"covered_lines": 0, "num_statements": 0, "percent_covered": 100.0, "percent_covered_display": "100", "missing_lines": 0, "excluded_lines": 0, "percent_statements_covered": 100.0, "percent_statements_covered_display": "100"}, "missing_lines": [], "excluded_lines": [], "start_line": 84}, "GoalResponse": {"executed_lines": [], "summary": {"covered_lines": 0, "num_statements": 0, "percent_covered": 100.0, "percent_covered_display": "100", "missing_lines": 0, "excluded_lines": 0, "percent_statements_covered": 100.0, "percent_statements_covered_display": "100"}, "missing_lines": [], "excluded_lines": [], "start_line": 90}, "LogCreate": {"executed_lines": [], "summary": {"covered_lines": 0, "num_statements": 0, "percent_covered": 100.0, "percent_covered_display": "100", "missing_lines": 0, "excluded_lines": 0, "percent_statements_covered": 100.0, "percent_statements_covered_display": "100"}, "missing_lines": [], "excluded_lines": [], "start_line": 104}, "LogResponse": {"executed_lines": [128, 129], "summary": {"covered_lines": 2, "num_statements": 3, "percent_covered": 66.66666666666667, "percent_covered_display": "67", "missing_lines": 1, "excluded_lines": 0, "percent_statements_covered": 66.66666666666667, "percent_statements_covered_display": "67"}, "missing_lines": [142], "excluded_lines": [], "start_line": 112}, "LogsSummaryWeekly": {"executed_lines": [], "summary": {"covered_lines": 0, "num_statements": 0, "percent_covered": 100.0, "percent_covered_display": "100", "missing_lines": 0, "excluded_lines": 0, "percent_statements_covered": 100.0, "percent_statements_covered_display": "100"}, "missing_lines": [], "excluded_lines": [], "start_line": 146}, "EcoChallengeResponse": {"executed_lines": [], "summary": {"covered_lines": 0, "num_statements": 0, "percent_covered": 100.0, "percent_covered_display": "100", "missing_lines": 0, "excluded_lines": 0, "percent_statements_covered": 100.0, "percent_statements_covered_display": "100"}, "missing_lines": [], "excluded_lines": [], "start_line": 155}, "UserChallengeResponse": {"executed_lines": [], "summary": {"covered_lines": 0, "num_statements": 0, "percent_covered": 100.0, "percent_covered_display": "100", "missing_lines": 0, "excluded_lines": 0, "percent_statements_covered": 100.0, "percent_statements_covered_display": "100"}, "missing_lines": [], "excluded_lines": [], "start_line": 168}, "FCMTokenRegister": {"executed_lines": [], "summary": {"covered_lines": 0, "num_statements": 0, "percent_covered": 100.0, "percent_covered_display": "100", "missing_lines": 0, "excluded_lines": 0, "percent_statements_covered": 100.0, "percent_statements_covered_display": "100"}, "missing_lines": [], "excluded_lines": [], "start_line": 182}, "NotificationResponse": {"executed_lines": [202, 203], "summary": {"covered_lines": 2, "num_statements": 3, "percent_covered": 66.66666666666667, "percent_covered_display": "67", "missing_lines": 1, "excluded_lines": 0, "percent_statements_covered": 66.66666666666667, "percent_statements_covered_display": "67"}, "missing_lines": [216], "excluded_lines": [], "start_line": 186}, "": {"executed_lines": [6, 7, 8, 10, 12, 21, 22, 27, 28, 29, 30, 31, 32, 33, 36, 37, 38, 39, 40, 41, 46, 48, 49, 50, 53, 54, 55, 58, 61, 62, 65, 66, 69, 70, 71, 72, 73, 74, 75, 76, 77, 78, 79, 84, 85, 86, 87, 90, 91, 92, 93, 94, 95, 96, 97, 98, 99, 104, 105, 106, 107, 108, 109, 112, 113, 114, 115, 116, 117, 118, 119, 120, 121, 122, 123, 125, 126, 127, 146, 147, 148, 149, 150, 155, 156, 157, 158, 159, 160, 161, 162, 163, 164, 165, 168, 169, 170, 171, 172, 173, 174, 175, 176, 177, 182, 183, 186, 187, 188, 189, 190, 191, 192, 193, 194, 195, 196, 197, 199, 200, 201], "summary": {"covered_lines": 121, "num_statements": 121, "percent_covered": 100.0, "percent_covered_display": "100", "missing_lines": 0, "excluded_lines": 0, "percent_statements_covered": 100.0, "percent_statements_covered_display": "100"}, "missing_lines": [], "excluded_lines": [], "start_line": 1}}}, "routers\\__init__.py": {"executed_lines": [], "summary": {"covered_lines": 0, "num_statements": 0, "percent_covered": 100.0, "percent_covered_display": "100", "missing_lines": 0, "excluded_lines": 0, "percent_statements_covered": 100.0, "percent_statements_covered_display": "100"}, "missing_lines": [], "excluded_lines": [], "functions": {"": {"executed_lines": [], "summary": {"covered_lines": 0, "num_statements": 0, "percent_covered": 100.0, "percent_covered_display": "100", "missing_lines": 0, "excluded_lines": 0, "percent_statements_covered": 100.0, "percent_statements_covered_display": "100"}, "missing_lines": [], "excluded_lines": [], "start_line": 1}}, "classes": {"": {"executed_lines": [], "summary": {"covered_lines": 0, "num_statements": 0, "percent_covered": 100.0, "percent_covered_display": "100", "missing_lines": 0, "excluded_lines": 0, "percent_statements_covered": 100.0, "percent_statements_covered_display": "100"}, "missing_lines": [], "excluded_lines": [], "start_line": 1}}}, "routers\\auth.py": {"executed_lines": [6, 8, 9, 10, 12, 15, 16, 20], "summary": {"covered_lines": 8, "num_statements": 8, "percent_covered": 100.0, "percent_covered_display": "100", "missing_lines": 0, "excluded_lines": 0, "percent_statements_covered": 100.0, "percent_statements_covered_display": "100"}, "missing_lines": [], "excluded_lines": [], "functions": {"sync_user": {"executed_lines": [20], "summary": {"covered_lines": 1, "num_statements": 1, "percent_covered": 100.0, "percent_covered_display": "100", "missing_lines": 0, "excluded_lines": 0, "percent_statements_covered": 100.0, "percent_statements_covered_display": "100"}, "missing_lines": [], "excluded_lines": [], "start_line": 16}, "": {"executed_lines": [6, 8, 9, 10, 12, 15, 16], "summary": {"covered_lines": 7, "num_statements": 7, "percent_covered": 100.0, "percent_covered_display": "100", "missing_lines": 0, "excluded_lines": 0, "percent_statements_covered": 100.0, "percent_statements_covered_display": "100"}, "missing_lines": [], "excluded_lines": [], "start_line": 1}}, "classes": {"": {"executed_lines": [6, 8, 9, 10, 12, 15, 16, 20], "summary": {"covered_lines": 8, "num_statements": 8, "percent_covered": 100.0, "percent_covered_display": "100", "missing_lines": 0, "excluded_lines": 0, "percent_statements_covered": 100.0, "percent_statements_covered_display": "100"}, "missing_lines": [], "excluded_lines": [], "start_line": 1}}}, "routers\\baselines.py": {"executed_lines": [6, 7, 8, 10, 11, 12, 13, 14, 16, 19, 20, 30, 33, 43, 44, 50, 51, 58, 62], "summary": {"covered_lines": 19, "num_statements": 25, "percent_covered": 76.0, "percent_covered_display": "76", "missing_lines": 6, "excluded_lines": 0, "percent_statements_covered": 76.0, "percent_statements_covered_display": "76"}, "missing_lines": [45, 47, 63, 65, 66, 71], "excluded_lines": [], "functions": {"create_baseline": {"executed_lines": [30, 33, 43, 44], "summary": {"covered_lines": 4, "num_statements": 6, "percent_covered": 66.66666666666667, "percent_covered_display": "67", "missing_lines": 2, "excluded_lines": 0, "percent_statements_covered": 66.66666666666667, "percent_statements_covered_display": "67"}, "missing_lines": [45, 47], "excluded_lines": [], "start_line": 20}, "get_current_baseline": {"executed_lines": [58, 62], "summary": {"covered_lines": 2, "num_statements": 6, "percent_covered": 33.333333333333336, "percent_covered_display": "33", "missing_lines": 4, "excluded_lines": 0, "percent_statements_covered": 33.333333333333336, "percent_statements_covered_display": "33"}, "missing_lines": [63, 65, 66, 71], "excluded_lines": [], "start_line": 51}, "": {"executed_lines": [6, 7, 8, 10, 11, 12, 13, 14, 16, 19, 20, 50, 51], "summary": {"covered_lines": 13, "num_statements": 13, "percent_covered": 100.0, "percent_covered_display": "100", "missing_lines": 0, "excluded_lines": 0, "percent_statements_covered": 100.0, "percent_statements_covered_display": "100"}, "missing_lines": [], "excluded_lines": [], "start_line": 1}}, "classes": {"": {"executed_lines": [6, 7, 8, 10, 11, 12, 13, 14, 16, 19, 20, 30, 33, 43, 44, 50, 51, 58, 62], "summary": {"covered_lines": 19, "num_statements": 25, "percent_covered": 76.0, "percent_covered_display": "76", "missing_lines": 6, "excluded_lines": 0, "percent_statements_covered": 76.0, "percent_statements_covered_display": "76"}, "missing_lines": [45, 47, 63, 65, 66, 71], "excluded_lines": [], "start_line": 1}}}, "routers\\challenges.py": {"executed_lines": [6, 8, 9, 10, 11, 13, 14, 15, 16, 18, 21, 22, 28, 29, 33, 34, 43, 44, 91, 92, 103, 111], "summary": {"covered_lines": 22, "num_statements": 51, "percent_covered": 43.13725490196079, "percent_covered_display": "43", "missing_lines": 29, "excluded_lines": 0, "percent_statements_covered": 43.13725490196079, "percent_statements_covered_display": "43"}, "missing_lines": [30, 45, 47, 48, 54, 58, 59, 61, 62, 63, 69, 74, 81, 82, 85, 86, 88, 112, 114, 115, 120, 121, 126, 129, 130, 131, 133, 134, 135], "excluded_lines": [], "functions": {"list_challenges": {"executed_lines": [28, 29], "summary": {"covered_lines": 2, "num_statements": 3, "percent_covered": 66.66666666666667, "percent_covered_display": "67", "missing_lines": 1, "excluded_lines": 0, "percent_statements_covered": 66.66666666666667, "percent_statements_covered_display": "67"}, "missing_lines": [30], "excluded_lines": [], "start_line": 22}, "start_challenge": {"executed_lines": [43, 44], "summary": {"covered_lines": 2, "num_statements": 18, "percent_covered": 11.11111111111111, "percent_covered_display": "11", "missing_lines": 16, "excluded_lines": 0, "percent_statements_covered": 11.11111111111111, "percent_statements_covered_display": "11"}, "missing_lines": [45, 47, 48, 54, 58, 59, 61, 62, 63, 69, 74, 81, 82, 85, 86, 88], "excluded_lines": [], "start_line": 34}, "update_challenge_progress": {"executed_lines": [103, 111], "summary": {"covered_lines": 2, "num_statements": 14, "percent_covered": 14.285714285714286, "percent_covered_display": "14", "missing_lines": 12, "excluded_lines": 0, "percent_statements_covered": 14.285714285714286, "percent_statements_covered_display": "14"}, "missing_lines": [112, 114, 115, 120, 121, 126, 129, 130, 131, 133, 134, 135], "excluded_lines": [], "start_line": 92}, "": {"executed_lines": [6, 8, 9, 10, 11, 13, 14, 15, 16, 18, 21, 22, 33, 34, 91, 92], "summary": {"covered_lines": 16, "num_statements": 16, "percent_covered": 100.0, "percent_covered_display": "100", "missing_lines": 0, "excluded_lines": 0, "percent_statements_covered": 100.0, "percent_statements_covered_display": "100"}, "missing_lines": [], "excluded_lines": [], "start_line": 1}}, "classes": {"": {"executed_lines": [6, 8, 9, 10, 11, 13, 14, 15, 16, 18, 21, 22, 28, 29, 33, 34, 43, 44, 91, 92, 103, 111], "summary": {"covered_lines": 22, "num_statements": 51, "percent_covered": 43.13725490196079, "percent_covered_display": "43", "missing_lines": 29, "excluded_lines": 0, "percent_statements_covered": 43.13725490196079, "percent_statements_covered_display": "43"}, "missing_lines": [30, 45, 47, 48, 54, 58, 59, 61, 62, 63, 69, 74, 81, 82, 85, 86, 88, 112, 114, 115, 120, 121, 126, 129, 130, 131, 133, 134, 135], "excluded_lines": [], "start_line": 1}}}, "routers\\goals.py": {"executed_lines": [6, 8, 9, 10, 11, 13, 14, 15, 16, 18, 21, 22, 32, 36, 75, 76, 84, 88], "summary": {"covered_lines": 18, "num_statements": 49, "percent_covered": 36.734693877551024, "percent_covered_display": "37", "missing_lines": 31, "excluded_lines": 0, "percent_statements_covered": 36.734693877551024, "percent_statements_covered_display": "37"}, "missing_lines": [37, 39, 40, 46, 51, 52, 53, 56, 57, 58, 60, 68, 69, 70, 72, 89, 91, 92, 95, 96, 97, 101, 102, 104, 110, 111, 112, 115, 116, 118, 120], "excluded_lines": [], "functions": {"create_goal": {"executed_lines": [32, 36], "summary": {"covered_lines": 2, "num_statements": 17, "percent_covered": 11.764705882352942, "percent_covered_display": "12", "missing_lines": 15, "excluded_lines": 0, "percent_statements_covered": 11.764705882352942, "percent_statements_covered_display": "12"}, "missing_lines": [37, 39, 40, 46, 51, 52, 53, 56, 57, 58, 60, 68, 69, 70, 72], "excluded_lines": [], "start_line": 22}, "get_active_goal": {"executed_lines": [84, 88], "summary": {"covered_lines": 2, "num_statements": 18, "percent_covered": 11.11111111111111, "percent_covered_display": "11", "missing_lines": 16, "excluded_lines": 0, "percent_statements_covered": 11.11111111111111, "percent_statements_covered_display": "11"}, "missing_lines": [89, 91, 92, 95, 96, 97, 101, 102, 104, 110, 111, 112, 115, 116, 118, 120], "excluded_lines": [], "start_line": 76}, "": {"executed_lines": [6, 8, 9, 10, 11, 13, 14, 15, 16, 18, 21, 22, 75, 76], "summary": {"covered_lines": 14, "num_statements": 14, "percent_covered": 100.0, "percent_covered_display": "100", "missing_lines": 0, "excluded_lines": 0, "percent_statements_covered": 100.0, "percent_statements_covered_display": "100"}, "missing_lines": [], "excluded_lines": [], "start_line": 1}}, "classes": {"": {"executed_lines": [6, 8, 9, 10, 11, 13, 14, 15, 16, 18, 21, 22, 32, 36, 75, 76, 84, 88], "summary": {"covered_lines": 18, "num_statements": 49, "percent_covered": 36.734693877551024, "percent_covered_display": "37", "missing_lines": 31, "excluded_lines": 0, "percent_statements_covered": 36.734693877551024, "percent_statements_covered_display": "37"}, "missing_lines": [37, 39, 40, 46, 51, 52, 53, 56, 57, 58, 60, 68, 69, 70, 72, 89, 91, 92, 95, 96, 97, 101, 102, 104, 110, 111, 112, 115, 116, 118, 120], "excluded_lines": [], "start_line": 1}}}, "routers\\internal.py": {"executed_lines": [6, 8, 9, 10, 12, 13, 14, 15, 17, 19, 21, 22, 23, 28, 29, 34, 35, 38, 39, 101, 102, 108, 109, 111, 112, 114, 115, 131, 132, 133, 134, 135, 137, 139, 148, 150, 161, 162, 173, 174, 176], "summary": {"covered_lines": 41, "num_statements": 82, "percent_covered": 50.0, "percent_covered_display": "50", "missing_lines": 41, "excluded_lines": 0, "percent_statements_covered": 50.0, "percent_statements_covered_display": "50"}, "missing_lines": [40, 43, 48, 49, 52, 57, 58, 60, 61, 63, 64, 66, 68, 69, 72, 79, 81, 82, 84, 86, 87, 94, 96, 97, 116, 119, 120, 121, 124, 125, 126, 128, 130, 153, 154, 155, 156, 157, 159, 160, 177], "excluded_lines": [], "functions": {"verify_cron_secret": {"executed_lines": [21, 22, 23], "summary": {"covered_lines": 3, "num_statements": 3, "percent_covered": 100.0, "percent_covered_display": "100", "missing_lines": 0, "excluded_lines": 0, "percent_statements_covered": 100.0, "percent_statements_covered_display": "100"}, "missing_lines": [], "excluded_lines": [], "start_line": 19}, "run_streak_check": {"executed_lines": [34, 35, 38, 39], "summary": {"covered_lines": 4, "num_statements": 28, "percent_covered": 14.285714285714286, "percent_covered_display": "14", "missing_lines": 24, "excluded_lines": 0, "percent_statements_covered": 14.285714285714286, "percent_statements_covered_display": "14"}, "missing_lines": [40, 43, 48, 49, 52, 57, 58, 60, 61, 63, 64, 66, 68, 69, 72, 79, 81, 82, 84, 86, 87, 94, 96, 97], "excluded_lines": [], "start_line": 29}, "run_weekly_digest": {"executed_lines": [108, 109, 111, 112, 114, 115, 161, 162, 173, 174, 176], "summary": {"covered_lines": 11, "num_statements": 28, "percent_covered": 39.285714285714285, "percent_covered_display": "39", "missing_lines": 17, "excluded_lines": 0, "percent_statements_covered": 39.285714285714285, "percent_statements_covered_display": "39"}, "missing_lines": [116, 119, 120, 121, 124, 125, 126, 128, 130, 153, 154, 155, 156, 157, 159, 160, 177], "excluded_lines": [], "start_line": 102}, "run_weekly_digest.process_user_digest": {"executed_lines": [131, 132, 133, 134, 135, 137, 139, 148, 150], "summary": {"covered_lines": 9, "num_statements": 9, "percent_covered": 100.0, "percent_covered_display": "100", "missing_lines": 0, "excluded_lines": 0, "percent_statements_covered": 100.0, "percent_statements_covered_display": "100"}, "missing_lines": [], "excluded_lines": [], "start_line": 130}, "": {"executed_lines": [6, 8, 9, 10, 12, 13, 14, 15, 17, 19, 28, 29, 101, 102], "summary": {"covered_lines": 14, "num_statements": 14, "percent_covered": 100.0, "percent_covered_display": "100", "missing_lines": 0, "excluded_lines": 0, "percent_statements_covered": 100.0, "percent_statements_covered_display": "100"}, "missing_lines": [], "excluded_lines": [], "start_line": 1}}, "classes": {"": {"executed_lines": [6, 8, 9, 10, 12, 13, 14, 15, 17, 19, 21, 22, 23, 28, 29, 34, 35, 38, 39, 101, 102, 108, 109, 111, 112, 114, 115, 131, 132, 133, 134, 135, 137, 139, 148, 150, 161, 162, 173, 174, 176], "summary": {"covered_lines": 41, "num_statements": 82, "percent_covered": 50.0, "percent_covered_display": "50", "missing_lines": 41, "excluded_lines": 0, "percent_statements_covered": 50.0, "percent_statements_covered_display": "50"}, "missing_lines": [40, 43, 48, 49, 52, 57, 58, 60, 61, 63, 64, 66, 68, 69, 72, 79, 81, 82, 84, 86, 87, 94, 96, 97, 116, 119, 120, 121, 124, 125, 126, 128, 130, 153, 154, 155, 156, 157, 159, 160, 177], "excluded_lines": [], "start_line": 1}}}, "routers\\logs.py": {"executed_lines": [6, 8, 9, 10, 11, 13, 14, 15, 16, 18, 21, 26, 27, 30, 36, 52, 53, 64, 75, 85, 86, 115, 116, 126, 128, 129, 130, 134, 135, 137, 138, 142, 143, 152, 153, 156, 168], "summary": {"covered_lines": 37, "num_statements": 71, "percent_covered": 52.11267605633803, "percent_covered_display": "52", "missing_lines": 34, "excluded_lines": 0, "percent_statements_covered": 52.11267605633803, "percent_statements_covered_display": "52"}, "missing_lines": [37, 39, 40, 42, 43, 44, 45, 46, 48, 87, 90, 93, 94, 95, 97, 98, 99, 100, 102, 105, 106, 107, 108, 109, 131, 139, 169, 171, 172, 174, 175, 176, 177, 179], "excluded_lines": [], "functions": {"recalculate_user_streak": {"executed_lines": [26, 27, 30, 36], "summary": {"covered_lines": 4, "num_statements": 13, "percent_covered": 30.76923076923077, "percent_covered_display": "31", "missing_lines": 9, "excluded_lines": 0, "percent_statements_covered": 30.76923076923077, "percent_statements_covered_display": "31"}, "missing_lines": [37, 39, 40, 42, 43, 44, 45, 46, 48], "excluded_lines": [], "start_line": 21}, "create_log_entry": {"executed_lines": [64, 75, 85, 86], "summary": {"covered_lines": 4, "num_statements": 19, "percent_covered": 21.05263157894737, "percent_covered_display": "21", "missing_lines": 15, "excluded_lines": 0, "percent_statements_covered": 21.05263157894737, "percent_statements_covered_display": "21"}, "missing_lines": [87, 90, 93, 94, 95, 97, 98, 99, 100, 102, 105, 106, 107, 108, 109], "excluded_lines": [], "start_line": 53}, "get_logs": {"executed_lines": [126, 128, 129, 130, 134, 135, 137, 138], "summary": {"covered_lines": 8, "num_statements": 10, "percent_covered": 80.0, "percent_covered_display": "80", "missing_lines": 2, "excluded_lines": 0, "percent_statements_covered": 80.0, "percent_statements_covered_display": "80"}, "missing_lines": [131, 139], "excluded_lines": [], "start_line": 116}, "get_weekly_summary": {"executed_lines": [152, 153, 156, 168], "summary": {"covered_lines": 4, "num_statements": 12, "percent_covered": 33.333333333333336, "percent_covered_display": "33", "missing_lines": 8, "excluded_lines": 0, "percent_statements_covered": 33.333333333333336, "percent_statements_covered_display": "33"}, "missing_lines": [169, 171, 172, 174, 175, 176, 177, 179], "excluded_lines": [], "start_line": 143}, "": {"executed_lines": [6, 8, 9, 10, 11, 13, 14, 15, 16, 18, 21, 52, 53, 115, 116, 142, 143], "summary": {"covered_lines": 17, "num_statements": 17, "percent_covered": 100.0, "percent_covered_display": "100", "missing_lines": 0, "excluded_lines": 0, "percent_statements_covered": 100.0, "percent_statements_covered_display": "100"}, "missing_lines": [], "excluded_lines": [], "start_line": 1}}, "classes": {"": {"executed_lines": [6, 8, 9, 10, 11, 13, 14, 15, 16, 18, 21, 26, 27, 30, 36, 52, 53, 64, 75, 85, 86, 115, 116, 126, 128, 129, 130, 134, 135, 137, 138, 142, 143, 152, 153, 156, 168], "summary": {"covered_lines": 37, "num_statements": 71, "percent_covered": 52.11267605633803, "percent_covered_display": "52", "missing_lines": 34, "excluded_lines": 0, "percent_statements_covered": 52.11267605633803, "percent_statements_covered_display": "52"}, "missing_lines": [37, 39, 40, 42, 43, 44, 45, 46, 48, 87, 90, 93, 94, 95, 97, 98, 99, 100, 102, 105, 106, 107, 108, 109, 131, 139, 169, 171, 172, 174, 175, 176, 177, 179], "excluded_lines": [], "start_line": 1}}}, "routers\\notifications.py": {"executed_lines": [6, 8, 9, 10, 12, 13, 14, 15, 17, 20, 21, 28, 29, 33, 34, 44, 50], "summary": {"covered_lines": 17, "num_statements": 26, "percent_covered": 65.38461538461539, "percent_covered_display": "65", "missing_lines": 9, "excluded_lines": 0, "percent_statements_covered": 65.38461538461539, "percent_statements_covered_display": "65"}, "missing_lines": [30, 51, 53, 54, 55, 57, 66, 68, 69], "excluded_lines": [], "functions": {"get_notifications": {"executed_lines": [28, 29], "summary": {"covered_lines": 2, "num_statements": 3, "percent_covered": 66.66666666666667, "percent_covered_display": "67", "missing_lines": 1, "excluded_lines": 0, "percent_statements_covered": 66.66666666666667, "percent_statements_covered_display": "67"}, "missing_lines": [30], "excluded_lines": [], "start_line": 21}, "register_fcm_token": {"executed_lines": [44, 50], "summary": {"covered_lines": 2, "num_statements": 10, "percent_covered": 20.0, "percent_covered_display": "20", "missing_lines": 8, "excluded_lines": 0, "percent_statements_covered": 20.0, "percent_statements_covered_display": "20"}, "missing_lines": [51, 53, 54, 55, 57, 66, 68, 69], "excluded_lines": [], "start_line": 34}, "": {"executed_lines": [6, 8, 9, 10, 12, 13, 14, 15, 17, 20, 21, 33, 34], "summary": {"covered_lines": 13, "num_statements": 13, "percent_covered": 100.0, "percent_covered_display": "100", "missing_lines": 0, "excluded_lines": 0, "percent_statements_covered": 100.0, "percent_statements_covered_display": "100"}, "missing_lines": [], "excluded_lines": [], "start_line": 1}}, "classes": {"": {"executed_lines": [6, 8, 9, 10, 12, 13, 14, 15, 17, 20, 21, 28, 29, 33, 34, 44, 50], "summary": {"covered_lines": 17, "num_statements": 26, "percent_covered": 65.38461538461539, "percent_covered_display": "65", "missing_lines": 9, "excluded_lines": 0, "percent_statements_covered": 65.38461538461539, "percent_statements_covered_display": "65"}, "missing_lines": [30, 51, 53, 54, 55, 57, 66, 68, 69], "excluded_lines": [], "start_line": 1}}}, "routers\\users.py": {"executed_lines": [6, 8, 9, 10, 12, 13, 14, 15, 17, 20, 21, 25, 28, 29, 37, 38, 109, 110, 117, 118], "summary": {"covered_lines": 20, "num_statements": 30, "percent_covered": 66.66666666666667, "percent_covered_display": "67", "missing_lines": 10, "excluded_lines": 0, "percent_statements_covered": 66.66666666666667, "percent_statements_covered_display": "67"}, "missing_lines": [39, 42, 43, 44, 47, 48, 49, 52, 106, 119], "excluded_lines": [], "functions": {"get_me": {"executed_lines": [25], "summary": {"covered_lines": 1, "num_statements": 1, "percent_covered": 100.0, "percent_covered_display": "100", "missing_lines": 0, "excluded_lines": 0, "percent_statements_covered": 100.0, "percent_statements_covered_display": "100"}, "missing_lines": [], "excluded_lines": [], "start_line": 21}, "export_user_data": {"executed_lines": [37, 38], "summary": {"covered_lines": 2, "num_statements": 11, "percent_covered": 18.181818181818183, "percent_covered_display": "18", "missing_lines": 9, "excluded_lines": 0, "percent_statements_covered": 18.181818181818183, "percent_statements_covered_display": "18"}, "missing_lines": [39, 42, 43, 44, 47, 48, 49, 52, 106], "excluded_lines": [], "start_line": 29}, "delete_user": {"executed_lines": [117, 118], "summary": {"covered_lines": 2, "num_statements": 3, "percent_covered": 66.66666666666667, "percent_covered_display": "67", "missing_lines": 1, "excluded_lines": 0, "percent_statements_covered": 66.66666666666667, "percent_statements_covered_display": "67"}, "missing_lines": [119], "excluded_lines": [], "start_line": 110}, "": {"executed_lines": [6, 8, 9, 10, 12, 13, 14, 15, 17, 20, 21, 28, 29, 109, 110], "summary": {"covered_lines": 15, "num_statements": 15, "percent_covered": 100.0, "percent_covered_display": "100", "missing_lines": 0, "excluded_lines": 0, "percent_statements_covered": 100.0, "percent_statements_covered_display": "100"}, "missing_lines": [], "excluded_lines": [], "start_line": 1}}, "classes": {"": {"executed_lines": [6, 8, 9, 10, 12, 13, 14, 15, 17, 20, 21, 25, 28, 29, 37, 38, 109, 110, 117, 118], "summary": {"covered_lines": 20, "num_statements": 30, "percent_covered": 66.66666666666667, "percent_covered_display": "67", "missing_lines": 10, "excluded_lines": 0, "percent_statements_covered": 66.66666666666667, "percent_statements_covered_display": "67"}, "missing_lines": [39, 42, 43, 44, 47, 48, 49, 52, 106, 119], "excluded_lines": [], "start_line": 1}}}, "services\\__init__.py": {"executed_lines": [], "summary": {"covered_lines": 0, "num_statements": 0, "percent_covered": 100.0, "percent_covered_display": "100", "missing_lines": 0, "excluded_lines": 0, "percent_statements_covered": 100.0, "percent_statements_covered_display": "100"}, "missing_lines": [], "excluded_lines": [], "functions": {"": {"executed_lines": [], "summary": {"covered_lines": 0, "num_statements": 0, "percent_covered": 100.0, "percent_covered_display": "100", "missing_lines": 0, "excluded_lines": 0, "percent_statements_covered": 100.0, "percent_statements_covered_display": "100"}, "missing_lines": [], "excluded_lines": [], "start_line": 1}}, "classes": {"": {"executed_lines": [], "summary": {"covered_lines": 0, "num_statements": 0, "percent_covered": 100.0, "percent_covered_display": "100", "missing_lines": 0, "excluded_lines": 0, "percent_statements_covered": 100.0, "percent_statements_covered_display": "100"}, "missing_lines": [], "excluded_lines": [], "start_line": 1}}}, "services\\baseline_service.py": {"executed_lines": [6, 9, 23, 24, 25, 26, 30, 31, 32, 33, 37, 39, 43, 44, 45, 47, 48, 51, 58, 62, 63, 64, 65, 67, 68, 70, 74, 75, 77, 79, 80, 81, 82, 84, 88, 89, 90, 91, 95, 96, 97, 98, 101, 104, 106], "summary": {"covered_lines": 45, "num_statements": 62, "percent_covered": 72.58064516129032, "percent_covered_display": "73", "missing_lines": 17, "excluded_lines": 0, "percent_statements_covered": 72.58064516129032, "percent_statements_covered_display": "73"}, "missing_lines": [27, 34, 46, 49, 50, 52, 53, 54, 55, 56, 57, 59, 66, 76, 78, 92, 99], "excluded_lines": [], "functions": {"calculate_baseline_values": {"executed_lines": [23, 24, 25, 26, 30, 31, 32, 33, 37, 39, 43, 44, 45, 47, 48, 51, 58, 62, 63, 64, 65, 67, 68, 70, 74, 75, 77, 79, 80, 81, 82, 84, 88, 89, 90, 91, 95, 96, 97, 98, 101, 104, 106], "summary": {"covered_lines": 43, "num_statements": 60, "percent_covered": 71.66666666666667, "percent_covered_display": "72", "missing_lines": 17, "excluded_lines": 0, "percent_statements_covered": 71.66666666666667, "percent_statements_covered_display": "72"}, "missing_lines": [27, 34, 46, 49, 50, 52, 53, 54, 55, 56, 57, 59, 66, 76, 78, 92, 99], "excluded_lines": [], "start_line": 9}, "": {"executed_lines": [6, 9], "summary": {"covered_lines": 2, "num_statements": 2, "percent_covered": 100.0, "percent_covered_display": "100", "missing_lines": 0, "excluded_lines": 0, "percent_statements_covered": 100.0, "percent_statements_covered_display": "100"}, "missing_lines": [], "excluded_lines": [], "start_line": 1}}, "classes": {"": {"executed_lines": [6, 9, 23, 24, 25, 26, 30, 31, 32, 33, 37, 39, 43, 44, 45, 47, 48, 51, 58, 62, 63, 64, 65, 67, 68, 70, 74, 75, 77, 79, 80, 81, 82, 84, 88, 89, 90, 91, 95, 96, 97, 98, 101, 104, 106], "summary": {"covered_lines": 45, "num_statements": 62, "percent_covered": 72.58064516129032, "percent_covered_display": "73", "missing_lines": 17, "excluded_lines": 0, "percent_statements_covered": 72.58064516129032, "percent_statements_covered_display": "73"}, "missing_lines": [27, 34, 46, 49, 50, 52, 53, 54, 55, 56, 57, 59, 66, 76, 78, 92, 99], "excluded_lines": [], "start_line": 1}}}, "services\\gemini_service.py": {"executed_lines": [6, 8, 11, 14, 19, 20, 21], "summary": {"covered_lines": 7, "num_statements": 17, "percent_covered": 41.1764705882353, "percent_covered_display": "41", "missing_lines": 10, "excluded_lines": 0, "percent_statements_covered": 41.1764705882353, "percent_statements_covered_display": "41"}, "missing_lines": [12, 23, 24, 25, 26, 32, 33, 34, 35, 36], "excluded_lines": [], "functions": {"generate_eco_coach_recommendation": {"executed_lines": [19, 20, 21], "summary": {"covered_lines": 3, "num_statements": 12, "percent_covered": 25.0, "percent_covered_display": "25", "missing_lines": 9, "excluded_lines": 0, "percent_statements_covered": 25.0, "percent_statements_covered_display": "25"}, "missing_lines": [23, 24, 25, 26, 32, 33, 34, 35, 36], "excluded_lines": [], "start_line": 14}, "": {"executed_lines": [6, 8, 11, 14], "summary": {"covered_lines": 4, "num_statements": 5, "percent_covered": 80.0, "percent_covered_display": "80", "missing_lines": 1, "excluded_lines": 0, "percent_statements_covered": 80.0, "percent_statements_covered_display": "80"}, "missing_lines": [12], "excluded_lines": [], "start_line": 1}}, "classes": {"": {"executed_lines": [6, 8, 11, 14, 19, 20, 21], "summary": {"covered_lines": 7, "num_statements": 17, "percent_covered": 41.1764705882353, "percent_covered_display": "41", "missing_lines": 10, "excluded_lines": 0, "percent_statements_covered": 41.1764705882353, "percent_statements_covered_display": "41"}, "missing_lines": [12, 23, 24, 25, 26, 32, 33, 34, 35, 36], "excluded_lines": [], "start_line": 1}}}, "services\\user_service.py": {"executed_lines": [7, 8, 10, 13, 18, 19, 20, 23, 24, 25, 26, 27, 28, 29, 32, 33, 35, 36, 43, 44], "summary": {"covered_lines": 20, "num_statements": 45, "percent_covered": 44.44444444444444, "percent_covered_display": "44", "missing_lines": 25, "excluded_lines": 0, "percent_statements_covered": 44.44444444444444, "percent_statements_covered_display": "44"}, "missing_lines": [37, 38, 40, 45, 47, 49, 50, 51, 53, 55, 56, 57, 58, 59, 60, 61, 62, 64, 65, 68, 69, 80, 82, 83, 84], "excluded_lines": [], "functions": {"sync_firebase_user": {"executed_lines": [18, 19, 20, 23, 24, 25, 26, 27, 28, 29, 32, 33, 35, 36, 43, 44], "summary": {"covered_lines": 16, "num_statements": 41, "percent_covered": 39.02439024390244, "percent_covered_display": "39", "missing_lines": 25, "excluded_lines": 0, "percent_statements_covered": 39.02439024390244, "percent_statements_covered_display": "39"}, "missing_lines": [37, 38, 40, 45, 47, 49, 50, 51, 53, 55, 56, 57, 58, 59, 60, 61, 62, 64, 65, 68, 69, 80, 82, 83, 84], "excluded_lines": [], "start_line": 13}, "": {"executed_lines": [7, 8, 10, 13], "summary": {"covered_lines": 4, "num_statements": 4, "percent_covered": 100.0, "percent_covered_display": "100", "missing_lines": 0, "excluded_lines": 0, "percent_statements_covered": 100.0, "percent_statements_covered_display": "100"}, "missing_lines": [], "excluded_lines": [], "start_line": 1}}, "classes": {"": {"executed_lines": [7, 8, 10, 13, 18, 19, 20, 23, 24, 25, 26, 27, 28, 29, 32, 33, 35, 36, 43, 44], "summary": {"covered_lines": 20, "num_statements": 45, "percent_covered": 44.44444444444444, "percent_covered_display": "44", "missing_lines": 25, "excluded_lines": 0, "percent_statements_covered": 44.44444444444444, "percent_statements_covered_display": "44"}, "missing_lines": [37, 38, 40, 45, 47, 49, 50, 51, 53, 55, 56, 57, 58, 59, 60, 61, 62, 64, 65, 68, 69, 80, 82, 83, 84], "excluded_lines": [], "start_line": 1}}}}, "totals": {"covered_lines": 580, "num_statements": 813, "percent_covered": 71.34071340713407, "percent_covered_display": "71", "missing_lines": 233, "excluded_lines": 0, "percent_statements_covered": 71.34071340713407, "percent_statements_covered_display": "71"}}